{"/Users/clement/my-social-media/back/app.js": {"path":"/Users/clement/my-social-media/back/app.js","statementMap":{"0":{"start":{"line":1,"column":16},"end":{"line":1,"column":34}},"1":{"start":{"line":2,"column":13},"end":{"line":2,"column":22}},"2":{"start":{"line":3,"column":14},"end":{"line":3,"column":38}},"3":{"start":{"line":4,"column":0},"end":{"line":4,"column":27}},"4":{"start":{"line":5,"column":13},"end":{"line":5,"column":28}},"5":{"start":{"line":6,"column":20},"end":{"line":6,"column":52}},"6":{"start":{"line":7,"column":20},"end":{"line":7,"column":52}},"7":{"start":{"line":8,"column":23},"end":{"line":8,"column":58}},"8":{"start":{"line":9,"column":20},"end":{"line":9,"column":52}},"9":{"start":{"line":10,"column":23},"end":{"line":10,"column":58}},"10":{"start":{"line":12,"column":20},"end":{"line":14,"column":1}},"11":{"start":{"line":16,"column":0},"end":{"line":16,"column":27}},"12":{"start":{"line":17,"column":0},"end":{"line":17,"column":48}},"13":{"start":{"line":18,"column":0},"end":{"line":18,"column":24}},"14":{"start":{"line":21,"column":26},"end":{"line":27,"column":1}},"15":{"start":{"line":29,"column":19},"end":{"line":49,"column":2}},"16":{"start":{"line":31,"column":2},"end":{"line":31,"column":41}},"17":{"start":{"line":32,"column":2},"end":{"line":32,"column":36}},"18":{"start":{"line":33,"column":2},"end":{"line":33,"column":35}},"19":{"start":{"line":34,"column":2},"end":{"line":34,"column":40}},"20":{"start":{"line":36,"column":2},"end":{"line":36,"column":38}},"21":{"start":{"line":37,"column":2},"end":{"line":37,"column":37}},"22":{"start":{"line":39,"column":2},"end":{"line":39,"column":44}},"23":{"start":{"line":40,"column":2},"end":{"line":40,"column":43}},"24":{"start":{"line":42,"column":2},"end":{"line":42,"column":47}},"25":{"start":{"line":43,"column":2},"end":{"line":43,"column":37}},"26":{"start":{"line":44,"column":2},"end":{"line":44,"column":40}},"27":{"start":{"line":46,"column":2},"end":{"line":46,"column":53}},"28":{"start":{"line":47,"column":2},"end":{"line":47,"column":43}},"29":{"start":{"line":48,"column":2},"end":{"line":48,"column":46}},"30":{"start":{"line":51,"column":0},"end":{"line":51,"column":34}}},"fnMap":{"0":{"name":"(anonymous_0)","decl":{"start":{"line":30,"column":6},"end":{"line":30,"column":7}},"loc":{"start":{"line":30,"column":20},"end":{"line":49,"column":1}},"line":30}},"branchMap":{"0":{"loc":{"start":{"line":23,"column":12},"end":{"line":23,"column":77}},"type":"cond-expr","locations":[{"start":{"line":23,"column":49},"end":{"line":23,"column":64}},{"start":{"line":23,"column":67},"end":{"line":23,"column":77}}],"line":23}},"s":{"0":3,"1":3,"2":3,"3":3,"4":3,"5":3,"6":3,"7":3,"8":3,"9":3,"10":3,"11":3,"12":3,"13":3,"14":3,"15":3,"16":3,"17":3,"18":3,"19":3,"20":3,"21":3,"22":3,"23":3,"24":3,"25":3,"26":3,"27":3,"28":3,"29":3,"30":3},"f":{"0":3},"b":{"0":[3,0]},"_coverageSchema":"1a1c01bbd47fc00a2c39e90264f33305004495a9","hash":"9a7af1c8144a2a7b5d5977c30cbae1fa9d125992"}
,"/Users/clement/my-social-media/back/routes/comments_routes.js": {"path":"/Users/clement/my-social-media/back/routes/comments_routes.js","statementMap":{"0":{"start":{"line":2,"column":4},"end":{"line":12,"column":7}},"1":{"start":{"line":4,"column":8},"end":{"line":4,"column":104}},"2":{"start":{"line":6,"column":23},"end":{"line":6,"column":36}},"3":{"start":{"line":8,"column":6},"end":{"line":11,"column":9}},"4":{"start":{"line":9,"column":8},"end":{"line":9,"column":54}},"5":{"start":{"line":9,"column":17},"end":{"line":9,"column":54}},"6":{"start":{"line":10,"column":8},"end":{"line":10,"column":42}},"7":{"start":{"line":17,"column":4},"end":{"line":29,"column":7}},"8":{"start":{"line":18,"column":25},"end":{"line":18,"column":90}},"9":{"start":{"line":20,"column":22},"end":{"line":20,"column":38}},"10":{"start":{"line":21,"column":21},"end":{"line":21,"column":36}},"11":{"start":{"line":22,"column":21},"end":{"line":22,"column":34}},"12":{"start":{"line":25,"column":6},"end":{"line":28,"column":9}},"13":{"start":{"line":26,"column":8},"end":{"line":26,"column":54}},"14":{"start":{"line":26,"column":17},"end":{"line":26,"column":54}},"15":{"start":{"line":27,"column":8},"end":{"line":27,"column":81}},"16":{"start":{"line":33,"column":2},"end":{"line":33,"column":45}}},"fnMap":{"0":{"name":"getComments","decl":{"start":{"line":1,"column":9},"end":{"line":1,"column":20}},"loc":{"start":{"line":1,"column":36},"end":{"line":13,"column":3}},"line":1},"1":{"name":"(anonymous_1)","decl":{"start":{"line":2,"column":32},"end":{"line":2,"column":33}},"loc":{"start":{"line":2,"column":46},"end":{"line":12,"column":5}},"line":2},"2":{"name":"(anonymous_2)","decl":{"start":{"line":8,"column":43},"end":{"line":8,"column":44}},"loc":{"start":{"line":8,"column":58},"end":{"line":11,"column":7}},"line":8},"3":{"name":"addComment","decl":{"start":{"line":16,"column":9},"end":{"line":16,"column":19}},"loc":{"start":{"line":16,"column":35},"end":{"line":30,"column":3}},"line":16},"4":{"name":"(anonymous_4)","decl":{"start":{"line":17,"column":32},"end":{"line":17,"column":33}},"loc":{"start":{"line":17,"column":46},"end":{"line":29,"column":5}},"line":17},"5":{"name":"(anonymous_5)","decl":{"start":{"line":25,"column":59},"end":{"line":25,"column":60}},"loc":{"start":{"line":25,"column":74},"end":{"line":28,"column":7}},"line":25}},"branchMap":{"0":{"loc":{"start":{"line":9,"column":8},"end":{"line":9,"column":54}},"type":"if","locations":[{"start":{"line":9,"column":8},"end":{"line":9,"column":54}},{"start":{},"end":{}}],"line":9},"1":{"loc":{"start":{"line":26,"column":8},"end":{"line":26,"column":54}},"type":"if","locations":[{"start":{"line":26,"column":8},"end":{"line":26,"column":54}},{"start":{},"end":{}}],"line":26}},"s":{"0":3,"1":0,"2":0,"3":0,"4":0,"5":0,"6":0,"7":3,"8":0,"9":0,"10":0,"11":0,"12":0,"13":0,"14":0,"15":0,"16":3},"f":{"0":3,"1":0,"2":0,"3":3,"4":0,"5":0},"b":{"0":[0,0],"1":[0,0]},"_coverageSchema":"1a1c01bbd47fc00a2c39e90264f33305004495a9","hash":"26d50bb91f9990f4d03a48841601ec22d0a4d6ef"}
,"/Users/clement/my-social-media/back/routes/dislikes_routes.js": {"path":"/Users/clement/my-social-media/back/routes/dislikes_routes.js","statementMap":{"0":{"start":{"line":4,"column":4},"end":{"line":15,"column":6}},"1":{"start":{"line":6,"column":27},"end":{"line":6,"column":76}},"2":{"start":{"line":7,"column":23},"end":{"line":7,"column":36}},"3":{"start":{"line":9,"column":8},"end":{"line":13,"column":10}},"4":{"start":{"line":10,"column":12},"end":{"line":10,"column":58}},"5":{"start":{"line":10,"column":21},"end":{"line":10,"column":58}},"6":{"start":{"line":11,"column":25},"end":{"line":11,"column":44}},"7":{"start":{"line":12,"column":12},"end":{"line":12,"column":46}},"8":{"start":{"line":20,"column":4},"end":{"line":31,"column":7}},"9":{"start":{"line":21,"column":25},"end":{"line":21,"column":79}},"10":{"start":{"line":23,"column":21},"end":{"line":23,"column":36}},"11":{"start":{"line":24,"column":21},"end":{"line":24,"column":34}},"12":{"start":{"line":27,"column":6},"end":{"line":30,"column":9}},"13":{"start":{"line":28,"column":8},"end":{"line":28,"column":54}},"14":{"start":{"line":28,"column":17},"end":{"line":28,"column":54}},"15":{"start":{"line":29,"column":8},"end":{"line":29,"column":82}},"16":{"start":{"line":36,"column":4},"end":{"line":46,"column":7}},"17":{"start":{"line":37,"column":25},"end":{"line":37,"column":81}},"18":{"start":{"line":39,"column":21},"end":{"line":39,"column":36}},"19":{"start":{"line":40,"column":21},"end":{"line":40,"column":34}},"20":{"start":{"line":42,"column":6},"end":{"line":45,"column":9}},"21":{"start":{"line":43,"column":8},"end":{"line":43,"column":54}},"22":{"start":{"line":43,"column":17},"end":{"line":43,"column":54}},"23":{"start":{"line":44,"column":8},"end":{"line":44,"column":92}},"24":{"start":{"line":50,"column":2},"end":{"line":50,"column":69}}},"fnMap":{"0":{"name":"getAllDislikesByPost","decl":{"start":{"line":2,"column":9},"end":{"line":2,"column":29}},"loc":{"start":{"line":2,"column":45},"end":{"line":16,"column":1}},"line":2},"1":{"name":"(anonymous_1)","decl":{"start":{"line":4,"column":32},"end":{"line":4,"column":33}},"loc":{"start":{"line":4,"column":46},"end":{"line":15,"column":5}},"line":4},"2":{"name":"(anonymous_2)","decl":{"start":{"line":9,"column":44},"end":{"line":9,"column":45}},"loc":{"start":{"line":9,"column":59},"end":{"line":13,"column":9}},"line":9},"3":{"name":"addDislike","decl":{"start":{"line":19,"column":9},"end":{"line":19,"column":19}},"loc":{"start":{"line":19,"column":35},"end":{"line":32,"column":3}},"line":19},"4":{"name":"(anonymous_4)","decl":{"start":{"line":20,"column":32},"end":{"line":20,"column":33}},"loc":{"start":{"line":20,"column":46},"end":{"line":31,"column":5}},"line":20},"5":{"name":"(anonymous_5)","decl":{"start":{"line":27,"column":51},"end":{"line":27,"column":52}},"loc":{"start":{"line":27,"column":66},"end":{"line":30,"column":7}},"line":27},"6":{"name":"deleteDislike","decl":{"start":{"line":35,"column":9},"end":{"line":35,"column":22}},"loc":{"start":{"line":35,"column":38},"end":{"line":47,"column":3}},"line":35},"7":{"name":"(anonymous_7)","decl":{"start":{"line":36,"column":35},"end":{"line":36,"column":36}},"loc":{"start":{"line":36,"column":49},"end":{"line":46,"column":5}},"line":36},"8":{"name":"(anonymous_8)","decl":{"start":{"line":42,"column":51},"end":{"line":42,"column":52}},"loc":{"start":{"line":42,"column":66},"end":{"line":45,"column":7}},"line":42}},"branchMap":{"0":{"loc":{"start":{"line":10,"column":12},"end":{"line":10,"column":58}},"type":"if","locations":[{"start":{"line":10,"column":12},"end":{"line":10,"column":58}},{"start":{},"end":{}}],"line":10},"1":{"loc":{"start":{"line":28,"column":8},"end":{"line":28,"column":54}},"type":"if","locations":[{"start":{"line":28,"column":8},"end":{"line":28,"column":54}},{"start":{},"end":{}}],"line":28},"2":{"loc":{"start":{"line":43,"column":8},"end":{"line":43,"column":54}},"type":"if","locations":[{"start":{"line":43,"column":8},"end":{"line":43,"column":54}},{"start":{},"end":{}}],"line":43}},"s":{"0":3,"1":0,"2":0,"3":0,"4":0,"5":0,"6":0,"7":0,"8":3,"9":0,"10":0,"11":0,"12":0,"13":0,"14":0,"15":0,"16":3,"17":0,"18":0,"19":0,"20":0,"21":0,"22":0,"23":0,"24":3},"f":{"0":3,"1":0,"2":0,"3":3,"4":0,"5":0,"6":3,"7":0,"8":0},"b":{"0":[0,0],"1":[0,0],"2":[0,0]},"_coverageSchema":"1a1c01bbd47fc00a2c39e90264f33305004495a9","hash":"2a78481712cd90b1890ec157642d657b00b9905b"}
,"/Users/clement/my-social-media/back/routes/likes_routes.js": {"path":"/Users/clement/my-social-media/back/routes/likes_routes.js","statementMap":{"0":{"start":{"line":4,"column":4},"end":{"line":15,"column":6}},"1":{"start":{"line":6,"column":27},"end":{"line":6,"column":73}},"2":{"start":{"line":7,"column":23},"end":{"line":7,"column":36}},"3":{"start":{"line":9,"column":8},"end":{"line":13,"column":10}},"4":{"start":{"line":10,"column":12},"end":{"line":10,"column":58}},"5":{"start":{"line":10,"column":21},"end":{"line":10,"column":58}},"6":{"start":{"line":11,"column":25},"end":{"line":11,"column":44}},"7":{"start":{"line":12,"column":12},"end":{"line":12,"column":46}},"8":{"start":{"line":20,"column":4},"end":{"line":31,"column":7}},"9":{"start":{"line":21,"column":25},"end":{"line":21,"column":76}},"10":{"start":{"line":23,"column":21},"end":{"line":23,"column":36}},"11":{"start":{"line":24,"column":21},"end":{"line":24,"column":34}},"12":{"start":{"line":27,"column":6},"end":{"line":30,"column":9}},"13":{"start":{"line":28,"column":8},"end":{"line":28,"column":54}},"14":{"start":{"line":28,"column":17},"end":{"line":28,"column":54}},"15":{"start":{"line":29,"column":8},"end":{"line":29,"column":79}},"16":{"start":{"line":36,"column":4},"end":{"line":46,"column":7}},"17":{"start":{"line":37,"column":25},"end":{"line":37,"column":78}},"18":{"start":{"line":39,"column":21},"end":{"line":39,"column":36}},"19":{"start":{"line":40,"column":21},"end":{"line":40,"column":34}},"20":{"start":{"line":42,"column":6},"end":{"line":45,"column":9}},"21":{"start":{"line":43,"column":8},"end":{"line":43,"column":54}},"22":{"start":{"line":43,"column":17},"end":{"line":43,"column":54}},"23":{"start":{"line":44,"column":8},"end":{"line":44,"column":89}},"24":{"start":{"line":50,"column":2},"end":{"line":50,"column":60}}},"fnMap":{"0":{"name":"getAllLikesByPost","decl":{"start":{"line":2,"column":9},"end":{"line":2,"column":26}},"loc":{"start":{"line":2,"column":42},"end":{"line":16,"column":1}},"line":2},"1":{"name":"(anonymous_1)","decl":{"start":{"line":4,"column":29},"end":{"line":4,"column":30}},"loc":{"start":{"line":4,"column":43},"end":{"line":15,"column":5}},"line":4},"2":{"name":"(anonymous_2)","decl":{"start":{"line":9,"column":44},"end":{"line":9,"column":45}},"loc":{"start":{"line":9,"column":59},"end":{"line":13,"column":9}},"line":9},"3":{"name":"addLike","decl":{"start":{"line":19,"column":9},"end":{"line":19,"column":16}},"loc":{"start":{"line":19,"column":32},"end":{"line":32,"column":3}},"line":19},"4":{"name":"(anonymous_4)","decl":{"start":{"line":20,"column":29},"end":{"line":20,"column":30}},"loc":{"start":{"line":20,"column":43},"end":{"line":31,"column":5}},"line":20},"5":{"name":"(anonymous_5)","decl":{"start":{"line":27,"column":51},"end":{"line":27,"column":52}},"loc":{"start":{"line":27,"column":66},"end":{"line":30,"column":7}},"line":27},"6":{"name":"deleteLike","decl":{"start":{"line":35,"column":9},"end":{"line":35,"column":19}},"loc":{"start":{"line":35,"column":35},"end":{"line":47,"column":3}},"line":35},"7":{"name":"(anonymous_7)","decl":{"start":{"line":36,"column":32},"end":{"line":36,"column":33}},"loc":{"start":{"line":36,"column":46},"end":{"line":46,"column":5}},"line":36},"8":{"name":"(anonymous_8)","decl":{"start":{"line":42,"column":51},"end":{"line":42,"column":52}},"loc":{"start":{"line":42,"column":66},"end":{"line":45,"column":7}},"line":42}},"branchMap":{"0":{"loc":{"start":{"line":10,"column":12},"end":{"line":10,"column":58}},"type":"if","locations":[{"start":{"line":10,"column":12},"end":{"line":10,"column":58}},{"start":{},"end":{}}],"line":10},"1":{"loc":{"start":{"line":28,"column":8},"end":{"line":28,"column":54}},"type":"if","locations":[{"start":{"line":28,"column":8},"end":{"line":28,"column":54}},{"start":{},"end":{}}],"line":28},"2":{"loc":{"start":{"line":43,"column":8},"end":{"line":43,"column":54}},"type":"if","locations":[{"start":{"line":43,"column":8},"end":{"line":43,"column":54}},{"start":{},"end":{}}],"line":43}},"s":{"0":4,"1":1,"2":1,"3":1,"4":1,"5":0,"6":1,"7":1,"8":4,"9":1,"10":1,"11":1,"12":1,"13":1,"14":0,"15":1,"16":4,"17":1,"18":1,"19":1,"20":1,"21":1,"22":0,"23":1,"24":3},"f":{"0":4,"1":1,"2":1,"3":4,"4":1,"5":1,"6":4,"7":1,"8":1},"b":{"0":[0,1],"1":[0,1],"2":[0,1]},"_coverageSchema":"1a1c01bbd47fc00a2c39e90264f33305004495a9","hash":"6190319e04ac6a2f8553375c19d8f5a809d83448"}
,"/Users/clement/my-social-media/back/routes/posts_routes.js": {"path":"/Users/clement/my-social-media/back/routes/posts_routes.js","statementMap":{"0":{"start":{"line":2,"column":2},"end":{"line":10,"column":5}},"1":{"start":{"line":4,"column":6},"end":{"line":4,"column":85}},"2":{"start":{"line":6,"column":4},"end":{"line":9,"column":7}},"3":{"start":{"line":7,"column":6},"end":{"line":7,"column":52}},"4":{"start":{"line":7,"column":15},"end":{"line":7,"column":52}},"5":{"start":{"line":8,"column":6},"end":{"line":8,"column":40}},"6":{"start":{"line":14,"column":2},"end":{"line":27,"column":5}},"7":{"start":{"line":15,"column":23},"end":{"line":15,"column":76}},"8":{"start":{"line":17,"column":20},"end":{"line":17,"column":36}},"9":{"start":{"line":18,"column":15},"end":{"line":18,"column":26}},"10":{"start":{"line":19,"column":4},"end":{"line":19,"column":46}},"11":{"start":{"line":20,"column":4},"end":{"line":22,"column":5}},"12":{"start":{"line":21,"column":6},"end":{"line":21,"column":42}},"13":{"start":{"line":23,"column":4},"end":{"line":26,"column":7}},"14":{"start":{"line":24,"column":6},"end":{"line":24,"column":52}},"15":{"start":{"line":24,"column":15},"end":{"line":24,"column":52}},"16":{"start":{"line":25,"column":6},"end":{"line":25,"column":72}},"17":{"start":{"line":42,"column":0},"end":{"line":42,"column":37}}},"fnMap":{"0":{"name":"getPosts","decl":{"start":{"line":1,"column":9},"end":{"line":1,"column":17}},"loc":{"start":{"line":1,"column":33},"end":{"line":11,"column":1}},"line":1},"1":{"name":"(anonymous_1)","decl":{"start":{"line":2,"column":23},"end":{"line":2,"column":24}},"loc":{"start":{"line":2,"column":37},"end":{"line":10,"column":3}},"line":2},"2":{"name":"(anonymous_2)","decl":{"start":{"line":6,"column":35},"end":{"line":6,"column":36}},"loc":{"start":{"line":6,"column":50},"end":{"line":9,"column":5}},"line":6},"3":{"name":"addPost","decl":{"start":{"line":13,"column":9},"end":{"line":13,"column":16}},"loc":{"start":{"line":13,"column":32},"end":{"line":28,"column":1}},"line":13},"4":{"name":"(anonymous_4)","decl":{"start":{"line":14,"column":23},"end":{"line":14,"column":24}},"loc":{"start":{"line":14,"column":42},"end":{"line":27,"column":3}},"line":14},"5":{"name":"(anonymous_5)","decl":{"start":{"line":23,"column":46},"end":{"line":23,"column":47}},"loc":{"start":{"line":23,"column":61},"end":{"line":26,"column":5}},"line":23}},"branchMap":{"0":{"loc":{"start":{"line":7,"column":6},"end":{"line":7,"column":52}},"type":"if","locations":[{"start":{"line":7,"column":6},"end":{"line":7,"column":52}},{"start":{},"end":{}}],"line":7},"1":{"loc":{"start":{"line":20,"column":4},"end":{"line":22,"column":5}},"type":"if","locations":[{"start":{"line":20,"column":4},"end":{"line":22,"column":5}},{"start":{},"end":{}}],"line":20},"2":{"loc":{"start":{"line":24,"column":6},"end":{"line":24,"column":52}},"type":"if","locations":[{"start":{"line":24,"column":6},"end":{"line":24,"column":52}},{"start":{},"end":{}}],"line":24}},"s":{"0":4,"1":1,"2":1,"3":1,"4":0,"5":1,"6":5,"7":3,"8":3,"9":3,"10":3,"11":3,"12":1,"13":2,"14":2,"15":1,"16":1,"17":3},"f":{"0":4,"1":1,"2":1,"3":5,"4":3,"5":2},"b":{"0":[0,1],"1":[1,2],"2":[1,1]},"_coverageSchema":"1a1c01bbd47fc00a2c39e90264f33305004495a9","hash":"345dfb948c9485b9c3ca59ab1e8ca29b78a2a7b6"}
,"/Users/clement/my-social-media/back/routes/users_routes.js": {"path":"/Users/clement/my-social-media/back/routes/users_routes.js","statementMap":{"0":{"start":{"line":1,"column":15},"end":{"line":1,"column":32}},"1":{"start":{"line":2,"column":12},"end":{"line":2,"column":35}},"2":{"start":{"line":3,"column":0},"end":{"line":3,"column":27}},"3":{"start":{"line":6,"column":2},"end":{"line":8,"column":5}},"4":{"start":{"line":7,"column":4},"end":{"line":7,"column":30}},"5":{"start":{"line":12,"column":2},"end":{"line":29,"column":5}},"6":{"start":{"line":13,"column":4},"end":{"line":28,"column":9}},"7":{"start":{"line":16,"column":25},"end":{"line":16,"column":42}},"8":{"start":{"line":17,"column":22},"end":{"line":17,"column":36}},"9":{"start":{"line":18,"column":25},"end":{"line":18,"column":29}},"10":{"start":{"line":20,"column":33},"end":{"line":23,"column":9}},"11":{"start":{"line":24,"column":8},"end":{"line":24,"column":68}},"12":{"start":{"line":27,"column":8},"end":{"line":27,"column":40}},"13":{"start":{"line":33,"column":2},"end":{"line":52,"column":2}},"14":{"start":{"line":34,"column":17},"end":{"line":36,"column":5}},"15":{"start":{"line":38,"column":4},"end":{"line":50,"column":5}},"16":{"start":{"line":39,"column":8},"end":{"line":39,"column":61}},"17":{"start":{"line":41,"column":30},"end":{"line":41,"column":87}},"18":{"start":{"line":44,"column":8},"end":{"line":49,"column":9}},"19":{"start":{"line":45,"column":26},"end":{"line":45,"column":95}},"20":{"start":{"line":46,"column":12},"end":{"line":46,"column":88}},"21":{"start":{"line":48,"column":12},"end":{"line":48,"column":60}},"22":{"start":{"line":55,"column":2},"end":{"line":55,"column":27}},"23":{"start":{"line":56,"column":16},"end":{"line":56,"column":44}},"24":{"start":{"line":57,"column":2},"end":{"line":59,"column":3}},"25":{"start":{"line":58,"column":4},"end":{"line":58,"column":50}},"26":{"start":{"line":60,"column":2},"end":{"line":67,"column":5}},"27":{"start":{"line":61,"column":4},"end":{"line":64,"column":5}},"28":{"start":{"line":62,"column":6},"end":{"line":62,"column":52}},"29":{"start":{"line":63,"column":6},"end":{"line":63,"column":23}},"30":{"start":{"line":65,"column":4},"end":{"line":65,"column":29}},"31":{"start":{"line":66,"column":4},"end":{"line":66,"column":11}},"32":{"start":{"line":72,"column":2},"end":{"line":77,"column":2}},"33":{"start":{"line":73,"column":17},"end":{"line":75,"column":5}},"34":{"start":{"line":76,"column":4},"end":{"line":76,"column":56}},"35":{"start":{"line":83,"column":0},"end":{"line":83,"column":70}}},"fnMap":{"0":{"name":"getAllUsers","decl":{"start":{"line":5,"column":9},"end":{"line":5,"column":20}},"loc":{"start":{"line":5,"column":26},"end":{"line":9,"column":1}},"line":5},"1":{"name":"(anonymous_1)","decl":{"start":{"line":6,"column":15},"end":{"line":6,"column":16}},"loc":{"start":{"line":6,"column":29},"end":{"line":8,"column":3}},"line":6},"2":{"name":"SignUp","decl":{"start":{"line":11,"column":9},"end":{"line":11,"column":15}},"loc":{"start":{"line":11,"column":31},"end":{"line":30,"column":1}},"line":11},"3":{"name":"(anonymous_3)","decl":{"start":{"line":12,"column":22},"end":{"line":12,"column":23}},"loc":{"start":{"line":12,"column":36},"end":{"line":29,"column":3}},"line":12},"4":{"name":"(anonymous_4)","decl":{"start":{"line":15,"column":12},"end":{"line":15,"column":13}},"loc":{"start":{"line":15,"column":22},"end":{"line":25,"column":7}},"line":15},"5":{"name":"(anonymous_5)","decl":{"start":{"line":26,"column":13},"end":{"line":26,"column":14}},"loc":{"start":{"line":26,"column":24},"end":{"line":28,"column":7}},"line":26},"6":{"name":"Login","decl":{"start":{"line":32,"column":9},"end":{"line":32,"column":14}},"loc":{"start":{"line":32,"column":30},"end":{"line":52,"column":3}},"line":32},"7":{"name":"(anonymous_7)","decl":{"start":{"line":33,"column":21},"end":{"line":33,"column":22}},"loc":{"start":{"line":33,"column":41},"end":{"line":52,"column":1}},"line":33},"8":{"name":"withAuth","decl":{"start":{"line":54,"column":9},"end":{"line":54,"column":17}},"loc":{"start":{"line":54,"column":34},"end":{"line":68,"column":1}},"line":54},"9":{"name":"(anonymous_9)","decl":{"start":{"line":60,"column":46},"end":{"line":60,"column":47}},"loc":{"start":{"line":60,"column":70},"end":{"line":67,"column":3}},"line":60},"10":{"name":"checkToken","decl":{"start":{"line":70,"column":9},"end":{"line":70,"column":19}},"loc":{"start":{"line":70,"column":35},"end":{"line":79,"column":1}},"line":70},"11":{"name":"(anonymous_11)","decl":{"start":{"line":72,"column":35},"end":{"line":72,"column":36}},"loc":{"start":{"line":72,"column":52},"end":{"line":77,"column":1}},"line":72}},"branchMap":{"0":{"loc":{"start":{"line":38,"column":4},"end":{"line":50,"column":5}},"type":"if","locations":[{"start":{"line":38,"column":4},"end":{"line":50,"column":5}},{"start":{"line":40,"column":11},"end":{"line":50,"column":5}}],"line":38},"1":{"loc":{"start":{"line":44,"column":8},"end":{"line":49,"column":9}},"type":"if","locations":[{"start":{"line":44,"column":8},"end":{"line":49,"column":9}},{"start":{"line":47,"column":15},"end":{"line":49,"column":9}}],"line":44},"2":{"loc":{"start":{"line":57,"column":2},"end":{"line":59,"column":3}},"type":"if","locations":[{"start":{"line":57,"column":2},"end":{"line":59,"column":3}},{"start":{},"end":{}}],"line":57},"3":{"loc":{"start":{"line":57,"column":6},"end":{"line":57,"column":43}},"type":"binary-expr","locations":[{"start":{"line":57,"column":6},"end":{"line":57,"column":20}},{"start":{"line":57,"column":24},"end":{"line":57,"column":43}}],"line":57},"4":{"loc":{"start":{"line":61,"column":4},"end":{"line":64,"column":5}},"type":"if","locations":[{"start":{"line":61,"column":4},"end":{"line":64,"column":5}},{"start":{},"end":{}}],"line":61}},"s":{"0":3,"1":3,"2":3,"3":4,"4":1,"5":3,"6":0,"7":0,"8":0,"9":0,"10":0,"11":0,"12":0,"13":3,"14":0,"15":0,"16":0,"17":0,"18":0,"19":0,"20":0,"21":0,"22":0,"23":0,"24":0,"25":0,"26":0,"27":0,"28":0,"29":0,"30":0,"31":0,"32":3,"33":0,"34":0,"35":3},"f":{"0":4,"1":1,"2":3,"3":0,"4":0,"5":0,"6":3,"7":0,"8":0,"9":0,"10":3,"11":0},"b":{"0":[0,0],"1":[0,0],"2":[0,0],"3":[0,0],"4":[0,0]},"_coverageSchema":"1a1c01bbd47fc00a2c39e90264f33305004495a9","hash":"43b800e9ca6328babedb06514e61bf2242e97e07"}
}
