TN:
SF:app.js
FN:30,(anonymous_0)
FNF:1
FNH:1
FNDA:3,(anonymous_0)
DA:1,3
DA:2,3
DA:3,3
DA:4,3
DA:5,3
DA:6,3
DA:7,3
DA:8,3
DA:9,3
DA:10,3
DA:12,3
DA:16,3
DA:17,3
DA:18,3
DA:21,3
DA:29,3
DA:31,3
DA:32,3
DA:33,3
DA:34,3
DA:36,3
DA:37,3
DA:39,3
DA:40,3
DA:42,3
DA:43,3
DA:44,3
DA:46,3
DA:47,3
DA:48,3
DA:51,3
LF:31
LH:31
BRDA:23,0,0,3
BRDA:23,0,1,0
BRF:2
BRH:1
end_of_record
TN:
SF:routes/comments_routes.js
FN:1,getComments
FN:2,(anonymous_1)
FN:8,(anonymous_2)
FN:16,addComment
FN:17,(anonymous_4)
FN:25,(anonymous_5)
FNF:6
FNH:2
FNDA:3,getComments
FNDA:0,(anonymous_1)
FNDA:0,(anonymous_2)
FNDA:3,addComment
FNDA:0,(anonymous_4)
FNDA:0,(anonymous_5)
DA:2,3
DA:4,0
DA:6,0
DA:8,0
DA:9,0
DA:10,0
DA:17,3
DA:18,0
DA:20,0
DA:21,0
DA:22,0
DA:25,0
DA:26,0
DA:27,0
DA:33,3
LF:15
LH:3
BRDA:9,0,0,0
BRDA:9,0,1,0
BRDA:26,1,0,0
BRDA:26,1,1,0
BRF:4
BRH:0
end_of_record
TN:
SF:routes/dislikes_routes.js
FN:2,getAllDislikesByPost
FN:4,(anonymous_1)
FN:9,(anonymous_2)
FN:19,addDislike
FN:20,(anonymous_4)
FN:27,(anonymous_5)
FN:35,deleteDislike
FN:36,(anonymous_7)
FN:42,(anonymous_8)
FNF:9
FNH:3
FNDA:3,getAllDislikesByPost
FNDA:0,(anonymous_1)
FNDA:0,(anonymous_2)
FNDA:3,addDislike
FNDA:0,(anonymous_4)
FNDA:0,(anonymous_5)
FNDA:3,deleteDislike
FNDA:0,(anonymous_7)
FNDA:0,(anonymous_8)
DA:4,3
DA:6,0
DA:7,0
DA:9,0
DA:10,0
DA:11,0
DA:12,0
DA:20,3
DA:21,0
DA:23,0
DA:24,0
DA:27,0
DA:28,0
DA:29,0
DA:36,3
DA:37,0
DA:39,0
DA:40,0
DA:42,0
DA:43,0
DA:44,0
DA:50,3
LF:22
LH:4
BRDA:10,0,0,0
BRDA:10,0,1,0
BRDA:28,1,0,0
BRDA:28,1,1,0
BRDA:43,2,0,0
BRDA:43,2,1,0
BRF:6
BRH:0
end_of_record
TN:
SF:routes/likes_routes.js
FN:2,getAllLikesByPost
FN:4,(anonymous_1)
FN:9,(anonymous_2)
FN:19,addLike
FN:20,(anonymous_4)
FN:27,(anonymous_5)
FN:35,deleteLike
FN:36,(anonymous_7)
FN:42,(anonymous_8)
FNF:9
FNH:9
FNDA:4,getAllLikesByPost
FNDA:1,(anonymous_1)
FNDA:1,(anonymous_2)
FNDA:4,addLike
FNDA:1,(anonymous_4)
FNDA:1,(anonymous_5)
FNDA:4,deleteLike
FNDA:1,(anonymous_7)
FNDA:1,(anonymous_8)
DA:4,4
DA:6,1
DA:7,1
DA:9,1
DA:10,1
DA:11,1
DA:12,1
DA:20,4
DA:21,1
DA:23,1
DA:24,1
DA:27,1
DA:28,1
DA:29,1
DA:36,4
DA:37,1
DA:39,1
DA:40,1
DA:42,1
DA:43,1
DA:44,1
DA:50,3
LF:22
LH:22
BRDA:10,0,0,0
BRDA:10,0,1,1
BRDA:28,1,0,0
BRDA:28,1,1,1
BRDA:43,2,0,0
BRDA:43,2,1,1
BRF:6
BRH:3
end_of_record
TN:
SF:routes/posts_routes.js
FN:1,getPosts
FN:2,(anonymous_1)
FN:6,(anonymous_2)
FN:13,addPost
FN:14,(anonymous_4)
FN:23,(anonymous_5)
FNF:6
FNH:6
FNDA:4,getPosts
FNDA:1,(anonymous_1)
FNDA:1,(anonymous_2)
FNDA:5,addPost
FNDA:3,(anonymous_4)
FNDA:2,(anonymous_5)
DA:2,4
DA:4,1
DA:6,1
DA:7,1
DA:8,1
DA:14,5
DA:15,3
DA:17,3
DA:18,3
DA:19,3
DA:20,3
DA:21,1
DA:23,2
DA:24,2
DA:25,1
DA:42,3
LF:16
LH:16
BRDA:7,0,0,0
BRDA:7,0,1,1
BRDA:20,1,0,1
BRDA:20,1,1,2
BRDA:24,2,0,1
BRDA:24,2,1,1
BRF:6
BRH:5
end_of_record
TN:
SF:routes/users_routes.js
FN:5,getAllUsers
FN:6,(anonymous_1)
FN:11,SignUp
FN:12,(anonymous_3)
FN:15,(anonymous_4)
FN:26,(anonymous_5)
FN:32,Login
FN:33,(anonymous_7)
FN:54,withAuth
FN:60,(anonymous_9)
FN:70,checkToken
FN:72,(anonymous_11)
FNF:12
FNH:5
FNDA:4,getAllUsers
FNDA:1,(anonymous_1)
FNDA:3,SignUp
FNDA:0,(anonymous_3)
FNDA:0,(anonymous_4)
FNDA:0,(anonymous_5)
FNDA:3,Login
FNDA:0,(anonymous_7)
FNDA:0,withAuth
FNDA:0,(anonymous_9)
FNDA:3,checkToken
FNDA:0,(anonymous_11)
DA:1,3
DA:2,3
DA:3,3
DA:6,4
DA:7,1
DA:12,3
DA:13,0
DA:16,0
DA:17,0
DA:18,0
DA:20,0
DA:24,0
DA:27,0
DA:33,3
DA:34,0
DA:38,0
DA:39,0
DA:41,0
DA:44,0
DA:45,0
DA:46,0
DA:48,0
DA:55,0
DA:56,0
DA:57,0
DA:58,0
DA:60,0
DA:61,0
DA:62,0
DA:63,0
DA:65,0
DA:66,0
DA:72,3
DA:73,0
DA:76,0
DA:83,3
LF:36
LH:9
BRDA:38,0,0,0
BRDA:38,0,1,0
BRDA:44,1,0,0
BRDA:44,1,1,0
BRDA:57,2,0,0
BRDA:57,2,1,0
BRDA:57,3,0,0
BRDA:57,3,1,0
BRDA:61,4,0,0
BRDA:61,4,1,0
BRF:10
BRH:0
end_of_record
